<?xml version="1.0" encoding="UTF-8"?>
<!-- Generated by org.testng.reporters.JUnitXMLReporter -->
<testsuite ignored="0" hostname="DESKTOP-27UMDT5" failures="0" tests="9" name="Default test" time="5.084" errors="0" timestamp="2023-11-29T23:44:00 EET">
  <testcase classname="MosaferTest" name="QitafLogo" time="0.087"/>
  <testcase classname="MosaferTest" name="checkHotelIsNotSelected" time="0.022"/>
  <testcase classname="MosaferTest" name="contactNumber" time="0.021"/>
  <testcase classname="MosaferTest" name="testCurrency" time="0.016"/>
  <testcase classname="MosaferTest" name="testLanguage" time="0.017"/>
  <testcase classname="MosaferTest" name="checkDepartureDate" time="0.566"/>
  <testcase classname="MosaferTest" name="checkReturnDate" time="0.462"/>
  <testcase classname="MosaferTest" name="hotelLocation" time="0.701"/>
  <testcase classname="MosaferTest" name="randomWebsiteLang" time="0.58"/>
</testsuite> <!-- Default test -->
