<?xml version="1.0" encoding="UTF-8"?>
<!-- Generated by org.testng.reporters.JUnitXMLReporter -->
<testsuite ignored="0" hostname="DESKTOP-27UMDT5" failures="0" tests="7" name="Default test" time="2.552" errors="0" timestamp="2023-11-26T17:37:12 EET">
  <testcase classname="MosaferTest" name="QitafLogo" time="0.062"/>
  <testcase classname="MosaferTest" name="checkDeparturedate" time="0.03"/>
  <testcase classname="MosaferTest" name="checkHotelIsNotSelected" time="0.016"/>
  <testcase classname="MosaferTest" name="checkReturnDate" time="0.018"/>
  <testcase classname="MosaferTest" name="contactNumber" time="0.014"/>
  <testcase classname="MosaferTest" name="testCurrency" time="0.012"/>
  <testcase classname="MosaferTest" name="testLanguage" time="0.016"/>
</testsuite> <!-- Default test -->
