<?xml version="1.0" encoding="UTF-8"?>
<!-- Generated by org.testng.reporters.JUnitXMLReporter -->
<testsuite ignored="1" hostname="DESKTOP-27UMDT5" failures="0" tests="8" name="Default test" time="4.654" errors="0" timestamp="2023-12-06T20:30:21 EET">
  <testcase classname="MosaferTest" name="QitafLogo" time="0.037"/>
  <testcase classname="MosaferTest" name="checkHotelIsNotSelected" time="0.027"/>
  <testcase classname="MosaferTest" name="contactNumber" time="0.018"/>
  <testcase classname="MosaferTest" name="testCurrency" time="0.02"/>
  <testcase classname="MosaferTest" name="testLanguage" time="0.022"/>
  <testcase classname="MosaferTest" name="checkDepartureDate" time="0.668"/>
  <testcase classname="MosaferTest" name="checkReturnDate" time="0.51"/>
  <testcase classname="MosaferTest" name="randomWebsiteLang" time="0.412"/>
  <testcase classname="MosaferTest" name="hotelLocation" time="0.0">
    <ignored/>
  </testcase> <!-- hotelLocation -->
</testsuite> <!-- Default test -->
