<?xml version="1.0" encoding="UTF-8"?>
<!-- Generated by org.testng.reporters.JUnitXMLReporter -->
<testsuite ignored="0" hostname="DESKTOP-27UMDT5" failures="0" tests="9" name="Default test" time="20.286" errors="0" timestamp="2023-12-02T19:39:44 EET">
  <testcase classname="MosaferTest" name="QitafLogo" time="0.074"/>
  <testcase classname="MosaferTest" name="checkHotelIsNotSelected" time="0.023"/>
  <testcase classname="MosaferTest" name="contactNumber" time="0.018"/>
  <testcase classname="MosaferTest" name="testCurrency" time="0.018"/>
  <testcase classname="MosaferTest" name="testLanguage" time="0.021"/>
  <testcase classname="MosaferTest" name="checkDepartureDate" time="0.57"/>
  <testcase classname="MosaferTest" name="checkReturnDate" time="0.443"/>
  <testcase classname="MosaferTest" name="randomWebsiteLang" time="0.428"/>
  <testcase classname="MosaferTest" name="hotelLocation" time="16.347"/>
</testsuite> <!-- Default test -->
