<?xml version="1.0" encoding="UTF-8"?>
<testng-results ignored="1" total="9" passed="8" failed="0" skipped="0">
  <reporter-output>
  </reporter-output>
  <suite started-at="2023-12-06T20:30:16 EET" name="Default suite" finished-at="2023-12-06T20:30:21 EET" duration-ms="4654">
    <groups>
    </groups>
    <test started-at="2023-12-06T20:30:16 EET" name="Default test" finished-at="2023-12-06T20:30:21 EET" duration-ms="4654">
      <class name="MosaferTest">
        <test-method is-config="true" signature="preTest()[pri:0, instance:MosaferTest@305f7627]" started-at="2023-12-06T20:30:16 EET" name="preTest" finished-at="2023-12-06T20:30:19 EET" duration-ms="2916" status="PASS">
          <reporter-output>
          </reporter-output>
        </test-method> <!-- preTest -->
        <test-method signature="QitafLogo()[pri:0, instance:MosaferTest@305f7627]" started-at="2023-12-06T20:30:19 EET" name="QitafLogo" finished-at="2023-12-06T20:30:19 EET" duration-ms="37" status="PASS">
          <reporter-output>
          </reporter-output>
        </test-method> <!-- QitafLogo -->
        <test-method signature="checkHotelIsNotSelected()[pri:0, instance:MosaferTest@305f7627]" started-at="2023-12-06T20:30:19 EET" name="checkHotelIsNotSelected" finished-at="2023-12-06T20:30:19 EET" duration-ms="27" status="PASS">
          <reporter-output>
          </reporter-output>
        </test-method> <!-- checkHotelIsNotSelected -->
        <test-method signature="contactNumber()[pri:0, instance:MosaferTest@305f7627]" started-at="2023-12-06T20:30:19 EET" name="contactNumber" finished-at="2023-12-06T20:30:19 EET" duration-ms="18" status="PASS">
          <reporter-output>
          </reporter-output>
        </test-method> <!-- contactNumber -->
        <test-method signature="testCurrency()[pri:0, instance:MosaferTest@305f7627]" started-at="2023-12-06T20:30:19 EET" name="testCurrency" finished-at="2023-12-06T20:30:19 EET" duration-ms="20" status="PASS">
          <reporter-output>
          </reporter-output>
        </test-method> <!-- testCurrency -->
        <test-method signature="testLanguage()[pri:0, instance:MosaferTest@305f7627]" started-at="2023-12-06T20:30:19 EET" name="testLanguage" finished-at="2023-12-06T20:30:20 EET" duration-ms="22" status="PASS">
          <reporter-output>
          </reporter-output>
        </test-method> <!-- testLanguage -->
        <test-method signature="checkDepartureDate()[pri:1, instance:MosaferTest@305f7627]" started-at="2023-12-06T20:30:20 EET" name="checkDepartureDate" finished-at="2023-12-06T20:30:20 EET" duration-ms="668" status="PASS">
          <reporter-output>
          </reporter-output>
        </test-method> <!-- checkDepartureDate -->
        <test-method signature="checkReturnDate()[pri:1, instance:MosaferTest@305f7627]" started-at="2023-12-06T20:30:20 EET" name="checkReturnDate" finished-at="2023-12-06T20:30:21 EET" duration-ms="510" status="PASS">
          <reporter-output>
          </reporter-output>
        </test-method> <!-- checkReturnDate -->
        <test-method signature="randomWebsiteLang()[pri:1, instance:MosaferTest@305f7627]" started-at="2023-12-06T20:30:21 EET" name="randomWebsiteLang" finished-at="2023-12-06T20:30:21 EET" duration-ms="412" status="PASS">
          <reporter-output>
          </reporter-output>
        </test-method> <!-- randomWebsiteLang -->
        <test-method is-config="true" signature="postTest()[pri:0, instance:MosaferTest@305f7627]" started-at="2023-12-06T20:30:21 EET" name="postTest" finished-at="2023-12-06T20:30:21 EET" duration-ms="0" status="PASS">
          <reporter-output>
          </reporter-output>
        </test-method> <!-- postTest -->
      </class> <!-- MosaferTest -->
    </test> <!-- Default test -->
  </suite> <!-- Default suite -->
</testng-results>
